  Application.cpp
C:\Program Files (x86)\Windows Kits\10\Include\10.0.19041.0\shared\minwindef.h(130,1): warning C4005: 'APIENTRY' : redéfinition de macro
F:\AAPROGRAMMATION\Projets\CPP\ProdCast\ProdCast\vendor\glfw\include\GLFW\glfw3.h(123): message : voir la définition précédente de 'APIENTRY'
F:\AAPROGRAMMATION\Projets\CPP\ProdCast\ProdCast\src\Core\PortAudio.h(23,15): error C2061: erreur de syntaxe : identificateur 'AudioSettings'
  AudioIO.cpp
F:\AAPROGRAMMATION\Projets\CPP\ProdCast\ProdCast\src\Core\PortAudio.h(23,15): error C2061: erreur de syntaxe : identificateur 'AudioSettings'
  PortAudio.cpp
F:\AAPROGRAMMATION\Projets\CPP\ProdCast\ProdCast\src\Core\PortAudio.h(23,15): error C2061: erreur de syntaxe : identificateur 'AudioSettings'
F:\AAPROGRAMMATION\Projets\CPP\ProdCast\ProdCast\src\Core\PortAudio.h(19,1): error C2011: 'PortAudioStream' : redéfinition du type 'class'
F:\AAPROGRAMMATION\Projets\CPP\ProdCast\ProdCast\src\Core\PortAudio.h(18): message : voir la déclaration de 'PortAudioStream'
F:\AAPROGRAMMATION\Projets\CPP\ProdCast\ProdCast\src\Core\PortAudio.cpp(15,18): error C2027: utilisation du type non défini 'PortAudioStream'
F:\AAPROGRAMMATION\Projets\CPP\ProdCast\ProdCast\src\Core\PortAudio.h(18): message : voir la déclaration de 'PortAudioStream'
F:\AAPROGRAMMATION\Projets\CPP\ProdCast\ProdCast\src\Core\PortAudio.cpp(15,35): error C4430: spécificateur de type manquant - int est pris en compte par défaut. Remarque : C++ ne prend pas en charge int par défaut
F:\AAPROGRAMMATION\Projets\CPP\ProdCast\ProdCast\src\Core\PortAudio.cpp(16,1): error C2550: '{ctor}' : les listes d'initialiseurs de constructeur ne sont autorisées que dans la définition d'un constructeur
F:\AAPROGRAMMATION\Projets\CPP\ProdCast\ProdCast\src\Core\PortAudio.cpp(17,1): warning C4508: '{ctor}' : la fonction doit retourner une valeur ; type de retour 'void' pris par défaut
F:\AAPROGRAMMATION\Projets\CPP\ProdCast\ProdCast\src\Core\PortAudio.cpp(19,23): error C2027: utilisation du type non défini 'PortAudioStream'
F:\AAPROGRAMMATION\Projets\CPP\ProdCast\ProdCast\src\Core\PortAudio.h(18): message : voir la déclaration de 'PortAudioStream'
F:\AAPROGRAMMATION\Projets\CPP\ProdCast\ProdCast\src\Core\PortAudio.cpp(33,10): error C2065: 'stream' : identificateur non déclaré
F:\AAPROGRAMMATION\Projets\CPP\ProdCast\ProdCast\src\Core\PortAudio.cpp(39,27): error C2027: utilisation du type non défini 'PortAudioStream'
F:\AAPROGRAMMATION\Projets\CPP\ProdCast\ProdCast\src\Core\PortAudio.h(18): message : voir la déclaration de 'PortAudioStream'
F:\AAPROGRAMMATION\Projets\CPP\ProdCast\ProdCast\src\Core\PortAudio.cpp(39,37): error C2065: 'paCallback' : identificateur non déclaré
F:\AAPROGRAMMATION\Projets\CPP\ProdCast\ProdCast\src\Core\PortAudio.cpp(40,9): error C2355: 'this' : ne peut être référencé qu'à l'intérieur de fonctions membres non static ou d'initialiseurs de membres de données non static
F:\AAPROGRAMMATION\Projets\CPP\ProdCast\ProdCast\src\Core\PortAudio.cpp(49,40): error C2065: 'stream' : identificateur non déclaré
F:\AAPROGRAMMATION\Projets\CPP\ProdCast\ProdCast\src\Core\PortAudio.cpp(49,66): error C2027: utilisation du type non défini 'PortAudioStream'
F:\AAPROGRAMMATION\Projets\CPP\ProdCast\ProdCast\src\Core\PortAudio.h(18): message : voir la déclaration de 'PortAudioStream'
F:\AAPROGRAMMATION\Projets\CPP\ProdCast\ProdCast\src\Core\PortAudio.cpp(49,82): error C2065: 'paStreamFinished' : identificateur non déclaré
F:\AAPROGRAMMATION\Projets\CPP\ProdCast\ProdCast\src\Core\PortAudio.cpp(53,24): error C2065: 'stream' : identificateur non déclaré
F:\AAPROGRAMMATION\Projets\CPP\ProdCast\ProdCast\src\Core\PortAudio.cpp(54,9): error C2065: 'stream' : identificateur non déclaré
F:\AAPROGRAMMATION\Projets\CPP\ProdCast\ProdCast\src\Core\PortAudio.cpp(62,23): error C2027: utilisation du type non défini 'PortAudioStream'
F:\AAPROGRAMMATION\Projets\CPP\ProdCast\ProdCast\src\Core\PortAudio.h(18): message : voir la déclaration de 'PortAudioStream'
F:\AAPROGRAMMATION\Projets\CPP\ProdCast\ProdCast\src\Core\PortAudio.cpp(64,9): error C2065: 'stream' : identificateur non déclaré
F:\AAPROGRAMMATION\Projets\CPP\ProdCast\ProdCast\src\Core\PortAudio.cpp(67,34): error C2065: 'stream' : identificateur non déclaré
F:\AAPROGRAMMATION\Projets\CPP\ProdCast\ProdCast\src\Core\PortAudio.cpp(68,5): error C2065: 'stream' : identificateur non déclaré
F:\AAPROGRAMMATION\Projets\CPP\ProdCast\ProdCast\src\Core\PortAudio.cpp(73,23): error C2027: utilisation du type non défini 'PortAudioStream'
F:\AAPROGRAMMATION\Projets\CPP\ProdCast\ProdCast\src\Core\PortAudio.h(18): message : voir la déclaration de 'PortAudioStream'
F:\AAPROGRAMMATION\Projets\CPP\ProdCast\ProdCast\src\Core\PortAudio.cpp(75,9): error C2065: 'stream' : identificateur non déclaré
F:\AAPROGRAMMATION\Projets\CPP\ProdCast\ProdCast\src\Core\PortAudio.cpp(78,34): error C2065: 'stream' : identificateur non déclaré
F:\AAPROGRAMMATION\Projets\CPP\ProdCast\ProdCast\src\Core\PortAudio.cpp(83,23): error C2027: utilisation du type non défini 'PortAudioStream'
F:\AAPROGRAMMATION\Projets\CPP\ProdCast\ProdCast\src\Core\PortAudio.h(18): message : voir la déclaration de 'PortAudioStream'
F:\AAPROGRAMMATION\Projets\CPP\ProdCast\ProdCast\src\Core\PortAudio.cpp(85,9): error C2065: 'stream' : identificateur non déclaré
F:\AAPROGRAMMATION\Projets\CPP\ProdCast\ProdCast\src\Core\PortAudio.cpp(88,33): error C2065: 'stream' : identificateur non déclaré
  Génération de code en cours...
